[04-Feb-2022 21:25:51 Europe/Berlin] Enabled PHP logging
[04-Feb-2022 21:25:51 Europe/Berlin] Enabled PHP logging
Logger:         	MadelineProto
Logger:         	Copyright (C) 2016-2020 Daniil Gentili
Logger:         	Licensed under AGPLv3
Logger:         	https://github.com/danog/MadelineProto
Exception:      	stat(): stat failed for D:\Develop\Project\BOT\CLIPHPPIC\session.madeline.safe.php in BlockingDriver.php:47
Exception:      	\danog\MadelineProto\Exception: stat(): stat failed for D:\Develop\Project\BOT\CLIPHPPIC\session.madeline.safe.php in phar://D:/Develop/Project/BOT/CLIPHPPIC/madeline-12bb67bc0618338b71ff507bd50a6b948d48e98e-80.phar/vendor/phabel-transpiler80.amphp/file/src/Driver/BlockingDriver.php:47

TL Trace:
<br>
<br>
Previous TL trace:<br>
<br>
exceptionErrorHandler(2,"stat(): stat failed for D:\\Develop\\Project\\BOT\\CLIPHPPIC\\session.madeline.safe.php","phar:\/\/D:\/Develop\/Project\/BOT\/CLIPHPPIC\/madeline-12bb67bc0618338b71ff507bd50a6b948d48e98e-80.phar\/vendor\/phabel-transpiler80.amphp\/file\/src\/Driver\/BlockingDriver.php",47)<br>
BlockingDriver.php(47):	stat("D:\\Develop\\Project\\BOT\\CLIPHPPIC\\session.madeline.safe.php")<br>
Filesystem.php(38): 	getStatus("D:\\Develop\\Project\\BOT\\CLIPHPPIC\\session.madeline.safe.php")<br>
Filesystem.php(66): 	getStatus("D:\\Develop\\Project\\BOT\\CLIPHPPIC\\session.madeline.safe.php")<br>
Amp\File\{closure}()<br>
Coroutine.php(53):  	current()<br>
functions.php(91):  	__construct({})<br>
Filesystem.php(68): 	Amp\call({})<br>
functions.php(112): 	exists("D:\\Develop\\Project\\BOT\\CLIPHPPIC\\session.madeline.safe.php")<br>
Serialization.php(110):	Amp\File\exists("D:\\Develop\\Project\\BOT\\CLIPHPPIC\\session.madeline.safe.php")<br>
Coroutine.php(69):  	current()<br>
Tools.php(449):     	__construct({})<br>
Tools.php(418):     	call({})<br>
API.php(287):       	timeoutWithDefault({},30000,[0,null])<br>
API.php(183):       	connectToMadelineProto({})<br>
internalInitAPI({})<br>
Coroutine.php(69):  	current()<br>
Tools.php(449):     	__construct({})<br>
AsyncConstruct.php(93):	call({})<br>
API.php(163):       	setInitPromise({})<br>
Serializable.php(34):	__magic_construct("session.madeline")<br>
a.php(8):           	__construct("session.madeline")
MTProto:        	Prompting final serialization (SHUTDOWN)...
MTProto:        	Done final serialization (SHUTDOWN)!
[04-Feb-2022 21:25:51 Europe/Berlin] PHP Fatal error:  Uncaught \danog\MadelineProto\Exception: stat(): stat failed for D:\Develop\Project\BOT\CLIPHPPIC\session.madeline.safe.php in phar://D:/Develop/Project/BOT/CLIPHPPIC/madeline-12bb67bc0618338b71ff507bd50a6b948d48e98e-80.phar/vendor/phabel-transpiler80.amphp/file/src/Driver/BlockingDriver.php:47

TL Trace:
<br>
<br>
Previous TL trace:<br>
<br>
exceptionErrorHandler(2,"stat(): stat failed for D:\\Develop\\Project\\BOT\\CLIPHPPIC\\session.madeline.safe.php","phar:\/\/D:\/Develop\/Project\/BOT\/CLIPHPPIC\/madeline-12bb67bc0618338b71ff507bd50a6b948d48e98e-80.phar\/vendor\/phabel-transpiler80.amphp\/file\/src\/Driver\/BlockingDriver.php",47)<br>
BlockingDriver.php(47):	stat("D:\\Develop\\Project\\BOT\\CLIPHPPIC\\session.madeline.safe.php")<br>
Filesystem.php(38): 	getStatus("D:\\Develop\\Project\\BOT\\CLIPHPPIC\\session.madeline.safe.php")<br>
Filesystem.php(66): 	getStatus("D:\\Develop\\Project\\BOT\\CLIPHPPIC\\session.madeline.safe.php")<br>
Amp\File\{closure}()<br>
Coroutine.php(53):  	current()<br>
functions.php(91):  	__construct({})<br>
Filesystem.php(68): 	Amp\call({})<br>
functions.php(112): 	exists("D:\\Develop\\Project\\BOT\\CLIPHPPIC\\session.madeline.safe.php")<br>
Serialization.php(110):	Amp\File\exists("D:\\Develop\\Project\\BOT\\CLIPHPPIC\\session.madeline.safe.php")<br>
Coroutine.php(69):  	current()<br>
Tools.php(449):     	__construct({})<br>
Tools.php(418):     	call({})<br>
API.php(287):       	timeoutWithDefault({},30000,[0,null])<br>
API.php(183):       	connectToMadelineProto({})<br>
internalInitAPI({})<br>
Coroutine.php(69):  	current()<br>
Tools.php(449):     	__construct({})<br>
AsyncConstruct.php(93):	call({})<br>
API.php(163):       	setInitPromise({})<br>
Serializable.php(34):	__magic_construct("session.madeline")<br>
a.php(8):           	__construct("session.madeline")
  thrown in phar://D:/Develop/Project/BOT/CLIPHPPIC/madeline-12bb67bc0618338b71ff507bd50a6b948d48e98e-80.phar/vendor/phabel-transpiler80.amphp/file/src/Driver/BlockingDriver.php on line 47
[04-Feb-2022 21:25:52 Europe/Berlin] Enabled PHP logging
[04-Feb-2022 21:25:52 Europe/Berlin] Enabled PHP logging
Logger:         	MadelineProto
Logger:         	Copyright (C) 2016-2020 Daniil Gentili
Logger:         	Licensed under AGPLv3
Logger:         	https://github.com/danog/MadelineProto
Exception:      	stat(): stat failed for D:\Develop\Project\BOT\CLIPHPPIC\session.madeline.safe.php in BlockingDriver.php:47
Exception:      	\danog\MadelineProto\Exception: stat(): stat failed for D:\Develop\Project\BOT\CLIPHPPIC\session.madeline.safe.php in phar://D:/Develop/Project/BOT/CLIPHPPIC/madeline-12bb67bc0618338b71ff507bd50a6b948d48e98e-80.phar/vendor/phabel-transpiler80.amphp/file/src/Driver/BlockingDriver.php:47

TL Trace:
<br>
<br>
Previous TL trace:<br>
<br>
exceptionErrorHandler(2,"stat(): stat failed for D:\\Develop\\Project\\BOT\\CLIPHPPIC\\session.madeline.safe.php","phar:\/\/D:\/Develop\/Project\/BOT\/CLIPHPPIC\/madeline-12bb67bc0618338b71ff507bd50a6b948d48e98e-80.phar\/vendor\/phabel-transpiler80.amphp\/file\/src\/Driver\/BlockingDriver.php",47)<br>
BlockingDriver.php(47):	stat("D:\\Develop\\Project\\BOT\\CLIPHPPIC\\session.madeline.safe.php")<br>
Filesystem.php(38): 	getStatus("D:\\Develop\\Project\\BOT\\CLIPHPPIC\\session.madeline.safe.php")<br>
Filesystem.php(66): 	getStatus("D:\\Develop\\Project\\BOT\\CLIPHPPIC\\session.madeline.safe.php")<br>
Amp\File\{closure}()<br>
Coroutine.php(53):  	current()<br>
functions.php(91):  	__construct({})<br>
Filesystem.php(68): 	Amp\call({})<br>
functions.php(112): 	exists("D:\\Develop\\Project\\BOT\\CLIPHPPIC\\session.madeline.safe.php")<br>
Serialization.php(110):	Amp\File\exists("D:\\Develop\\Project\\BOT\\CLIPHPPIC\\session.madeline.safe.php")<br>
Coroutine.php(69):  	current()<br>
Tools.php(449):     	__construct({})<br>
Tools.php(418):     	call({})<br>
API.php(287):       	timeoutWithDefault({},30000,[0,null])<br>
API.php(183):       	connectToMadelineProto({})<br>
internalInitAPI({})<br>
Coroutine.php(69):  	current()<br>
Tools.php(449):     	__construct({})<br>
AsyncConstruct.php(93):	call({})<br>
API.php(163):       	setInitPromise({})<br>
Serializable.php(34):	__magic_construct("session.madeline")<br>
a.php(8):           	__construct("session.madeline")
MTProto:        	Prompting final serialization (SHUTDOWN)...
MTProto:        	Done final serialization (SHUTDOWN)!
[04-Feb-2022 21:25:52 Europe/Berlin] PHP Fatal error:  Uncaught \danog\MadelineProto\Exception: stat(): stat failed for D:\Develop\Project\BOT\CLIPHPPIC\session.madeline.safe.php in phar://D:/Develop/Project/BOT/CLIPHPPIC/madeline-12bb67bc0618338b71ff507bd50a6b948d48e98e-80.phar/vendor/phabel-transpiler80.amphp/file/src/Driver/BlockingDriver.php:47

TL Trace:
<br>
<br>
Previous TL trace:<br>
<br>
exceptionErrorHandler(2,"stat(): stat failed for D:\\Develop\\Project\\BOT\\CLIPHPPIC\\session.madeline.safe.php","phar:\/\/D:\/Develop\/Project\/BOT\/CLIPHPPIC\/madeline-12bb67bc0618338b71ff507bd50a6b948d48e98e-80.phar\/vendor\/phabel-transpiler80.amphp\/file\/src\/Driver\/BlockingDriver.php",47)<br>
BlockingDriver.php(47):	stat("D:\\Develop\\Project\\BOT\\CLIPHPPIC\\session.madeline.safe.php")<br>
Filesystem.php(38): 	getStatus("D:\\Develop\\Project\\BOT\\CLIPHPPIC\\session.madeline.safe.php")<br>
Filesystem.php(66): 	getStatus("D:\\Develop\\Project\\BOT\\CLIPHPPIC\\session.madeline.safe.php")<br>
Amp\File\{closure}()<br>
Coroutine.php(53):  	current()<br>
functions.php(91):  	__construct({})<br>
Filesystem.php(68): 	Amp\call({})<br>
functions.php(112): 	exists("D:\\Develop\\Project\\BOT\\CLIPHPPIC\\session.madeline.safe.php")<br>
Serialization.php(110):	Amp\File\exists("D:\\Develop\\Project\\BOT\\CLIPHPPIC\\session.madeline.safe.php")<br>
Coroutine.php(69):  	current()<br>
Tools.php(449):     	__construct({})<br>
Tools.php(418):     	call({})<br>
API.php(287):       	timeoutWithDefault({},30000,[0,null])<br>
API.php(183):       	connectToMadelineProto({})<br>
internalInitAPI({})<br>
Coroutine.php(69):  	current()<br>
Tools.php(449):     	__construct({})<br>
AsyncConstruct.php(93):	call({})<br>
API.php(163):       	setInitPromise({})<br>
Serializable.php(34):	__magic_construct("session.madeline")<br>
a.php(8):           	__construct("session.madeline")
  thrown in phar://D:/Develop/Project/BOT/CLIPHPPIC/madeline-12bb67bc0618338b71ff507bd50a6b948d48e98e-80.phar/vendor/phabel-transpiler80.amphp/file/src/Driver/BlockingDriver.php on line 47
[04-Feb-2022 21:25:54 Europe/Berlin] Enabled PHP logging
[04-Feb-2022 21:25:54 Europe/Berlin] Enabled PHP logging
Logger:         	MadelineProto
Logger:         	Copyright (C) 2016-2020 Daniil Gentili
Logger:         	Licensed under AGPLv3
Logger:         	https://github.com/danog/MadelineProto
Exception:      	stat(): stat failed for D:\Develop\Project\BOT\CLIPHPPIC\session.madeline.safe.php in BlockingDriver.php:47
Exception:      	\danog\MadelineProto\Exception: stat(): stat failed for D:\Develop\Project\BOT\CLIPHPPIC\session.madeline.safe.php in phar://D:/Develop/Project/BOT/CLIPHPPIC/madeline-12bb67bc0618338b71ff507bd50a6b948d48e98e-80.phar/vendor/phabel-transpiler80.amphp/file/src/Driver/BlockingDriver.php:47

TL Trace:
<br>
<br>
Previous TL trace:<br>
<br>
exceptionErrorHandler(2,"stat(): stat failed for D:\\Develop\\Project\\BOT\\CLIPHPPIC\\session.madeline.safe.php","phar:\/\/D:\/Develop\/Project\/BOT\/CLIPHPPIC\/madeline-12bb67bc0618338b71ff507bd50a6b948d48e98e-80.phar\/vendor\/phabel-transpiler80.amphp\/file\/src\/Driver\/BlockingDriver.php",47)<br>
BlockingDriver.php(47):	stat("D:\\Develop\\Project\\BOT\\CLIPHPPIC\\session.madeline.safe.php")<br>
Filesystem.php(38): 	getStatus("D:\\Develop\\Project\\BOT\\CLIPHPPIC\\session.madeline.safe.php")<br>
Filesystem.php(66): 	getStatus("D:\\Develop\\Project\\BOT\\CLIPHPPIC\\session.madeline.safe.php")<br>
Amp\File\{closure}()<br>
Coroutine.php(53):  	current()<br>
functions.php(91):  	__construct({})<br>
Filesystem.php(68): 	Amp\call({})<br>
functions.php(112): 	exists("D:\\Develop\\Project\\BOT\\CLIPHPPIC\\session.madeline.safe.php")<br>
Serialization.php(110):	Amp\File\exists("D:\\Develop\\Project\\BOT\\CLIPHPPIC\\session.madeline.safe.php")<br>
Coroutine.php(69):  	current()<br>
Tools.php(449):     	__construct({})<br>
Tools.php(418):     	call({})<br>
API.php(287):       	timeoutWithDefault({},30000,[0,null])<br>
API.php(183):       	connectToMadelineProto({})<br>
internalInitAPI({})<br>
Coroutine.php(69):  	current()<br>
Tools.php(449):     	__construct({})<br>
AsyncConstruct.php(93):	call({})<br>
API.php(163):       	setInitPromise({})<br>
Serializable.php(34):	__magic_construct("session.madeline")<br>
a.php(8):           	__construct("session.madeline")
MTProto:        	Prompting final serialization (SHUTDOWN)...
MTProto:        	Done final serialization (SHUTDOWN)!
[04-Feb-2022 21:25:54 Europe/Berlin] PHP Fatal error:  Uncaught \danog\MadelineProto\Exception: stat(): stat failed for D:\Develop\Project\BOT\CLIPHPPIC\session.madeline.safe.php in phar://D:/Develop/Project/BOT/CLIPHPPIC/madeline-12bb67bc0618338b71ff507bd50a6b948d48e98e-80.phar/vendor/phabel-transpiler80.amphp/file/src/Driver/BlockingDriver.php:47

TL Trace:
<br>
<br>
Previous TL trace:<br>
<br>
exceptionErrorHandler(2,"stat(): stat failed for D:\\Develop\\Project\\BOT\\CLIPHPPIC\\session.madeline.safe.php","phar:\/\/D:\/Develop\/Project\/BOT\/CLIPHPPIC\/madeline-12bb67bc0618338b71ff507bd50a6b948d48e98e-80.phar\/vendor\/phabel-transpiler80.amphp\/file\/src\/Driver\/BlockingDriver.php",47)<br>
BlockingDriver.php(47):	stat("D:\\Develop\\Project\\BOT\\CLIPHPPIC\\session.madeline.safe.php")<br>
Filesystem.php(38): 	getStatus("D:\\Develop\\Project\\BOT\\CLIPHPPIC\\session.madeline.safe.php")<br>
Filesystem.php(66): 	getStatus("D:\\Develop\\Project\\BOT\\CLIPHPPIC\\session.madeline.safe.php")<br>
Amp\File\{closure}()<br>
Coroutine.php(53):  	current()<br>
functions.php(91):  	__construct({})<br>
Filesystem.php(68): 	Amp\call({})<br>
functions.php(112): 	exists("D:\\Develop\\Project\\BOT\\CLIPHPPIC\\session.madeline.safe.php")<br>
Serialization.php(110):	Amp\File\exists("D:\\Develop\\Project\\BOT\\CLIPHPPIC\\session.madeline.safe.php")<br>
Coroutine.php(69):  	current()<br>
Tools.php(449):     	__construct({})<br>
Tools.php(418):     	call({})<br>
API.php(287):       	timeoutWithDefault({},30000,[0,null])<br>
API.php(183):       	connectToMadelineProto({})<br>
internalInitAPI({})<br>
Coroutine.php(69):  	current()<br>
Tools.php(449):     	__construct({})<br>
AsyncConstruct.php(93):	call({})<br>
API.php(163):       	setInitPromise({})<br>
Serializable.php(34):	__magic_construct("session.madeline")<br>
a.php(8):           	__construct("session.madeline")
  thrown in phar://D:/Develop/Project/BOT/CLIPHPPIC/madeline-12bb67bc0618338b71ff507bd50a6b948d48e98e-80.phar/vendor/phabel-transpiler80.amphp/file/src/Driver/BlockingDriver.php on line 47
[04-Feb-2022 21:25:55 Europe/Berlin] Enabled PHP logging
[04-Feb-2022 21:25:55 Europe/Berlin] Enabled PHP logging
Logger:         	MadelineProto
Logger:         	Copyright (C) 2016-2020 Daniil Gentili
Logger:         	Licensed under AGPLv3
Logger:         	https://github.com/danog/MadelineProto
Exception:      	stat(): stat failed for D:\Develop\Project\BOT\CLIPHPPIC\session.madeline.safe.php in BlockingDriver.php:47
Exception:      	\danog\MadelineProto\Exception: stat(): stat failed for D:\Develop\Project\BOT\CLIPHPPIC\session.madeline.safe.php in phar://D:/Develop/Project/BOT/CLIPHPPIC/madeline-12bb67bc0618338b71ff507bd50a6b948d48e98e-80.phar/vendor/phabel-transpiler80.amphp/file/src/Driver/BlockingDriver.php:47

TL Trace:
<br>
<br>
Previous TL trace:<br>
<br>
exceptionErrorHandler(2,"stat(): stat failed for D:\\Develop\\Project\\BOT\\CLIPHPPIC\\session.madeline.safe.php","phar:\/\/D:\/Develop\/Project\/BOT\/CLIPHPPIC\/madeline-12bb67bc0618338b71ff507bd50a6b948d48e98e-80.phar\/vendor\/phabel-transpiler80.amphp\/file\/src\/Driver\/BlockingDriver.php",47)<br>
BlockingDriver.php(47):	stat("D:\\Develop\\Project\\BOT\\CLIPHPPIC\\session.madeline.safe.php")<br>
Filesystem.php(38): 	getStatus("D:\\Develop\\Project\\BOT\\CLIPHPPIC\\session.madeline.safe.php")<br>
Filesystem.php(66): 	getStatus("D:\\Develop\\Project\\BOT\\CLIPHPPIC\\session.madeline.safe.php")<br>
Amp\File\{closure}()<br>
Coroutine.php(53):  	current()<br>
functions.php(91):  	__construct({})<br>
Filesystem.php(68): 	Amp\call({})<br>
functions.php(112): 	exists("D:\\Develop\\Project\\BOT\\CLIPHPPIC\\session.madeline.safe.php")<br>
Serialization.php(110):	Amp\File\exists("D:\\Develop\\Project\\BOT\\CLIPHPPIC\\session.madeline.safe.php")<br>
Coroutine.php(69):  	current()<br>
Tools.php(449):     	__construct({})<br>
Tools.php(418):     	call({})<br>
API.php(287):       	timeoutWithDefault({},30000,[0,null])<br>
API.php(183):       	connectToMadelineProto({})<br>
internalInitAPI({})<br>
Coroutine.php(69):  	current()<br>
Tools.php(449):     	__construct({})<br>
AsyncConstruct.php(93):	call({})<br>
API.php(163):       	setInitPromise({})<br>
Serializable.php(34):	__magic_construct("session.madeline")<br>
a.php(8):           	__construct("session.madeline")
MTProto:        	Prompting final serialization (SHUTDOWN)...
MTProto:        	Done final serialization (SHUTDOWN)!
[04-Feb-2022 21:25:55 Europe/Berlin] PHP Fatal error:  Uncaught \danog\MadelineProto\Exception: stat(): stat failed for D:\Develop\Project\BOT\CLIPHPPIC\session.madeline.safe.php in phar://D:/Develop/Project/BOT/CLIPHPPIC/madeline-12bb67bc0618338b71ff507bd50a6b948d48e98e-80.phar/vendor/phabel-transpiler80.amphp/file/src/Driver/BlockingDriver.php:47

TL Trace:
<br>
<br>
Previous TL trace:<br>
<br>
exceptionErrorHandler(2,"stat(): stat failed for D:\\Develop\\Project\\BOT\\CLIPHPPIC\\session.madeline.safe.php","phar:\/\/D:\/Develop\/Project\/BOT\/CLIPHPPIC\/madeline-12bb67bc0618338b71ff507bd50a6b948d48e98e-80.phar\/vendor\/phabel-transpiler80.amphp\/file\/src\/Driver\/BlockingDriver.php",47)<br>
BlockingDriver.php(47):	stat("D:\\Develop\\Project\\BOT\\CLIPHPPIC\\session.madeline.safe.php")<br>
Filesystem.php(38): 	getStatus("D:\\Develop\\Project\\BOT\\CLIPHPPIC\\session.madeline.safe.php")<br>
Filesystem.php(66): 	getStatus("D:\\Develop\\Project\\BOT\\CLIPHPPIC\\session.madeline.safe.php")<br>
Amp\File\{closure}()<br>
Coroutine.php(53):  	current()<br>
functions.php(91):  	__construct({})<br>
Filesystem.php(68): 	Amp\call({})<br>
functions.php(112): 	exists("D:\\Develop\\Project\\BOT\\CLIPHPPIC\\session.madeline.safe.php")<br>
Serialization.php(110):	Amp\File\exists("D:\\Develop\\Project\\BOT\\CLIPHPPIC\\session.madeline.safe.php")<br>
Coroutine.php(69):  	current()<br>
Tools.php(449):     	__construct({})<br>
Tools.php(418):     	call({})<br>
API.php(287):       	timeoutWithDefault({},30000,[0,null])<br>
API.php(183):       	connectToMadelineProto({})<br>
internalInitAPI({})<br>
Coroutine.php(69):  	current()<br>
Tools.php(449):     	__construct({})<br>
AsyncConstruct.php(93):	call({})<br>
API.php(163):       	setInitPromise({})<br>
Serializable.php(34):	__magic_construct("session.madeline")<br>
a.php(8):           	__construct("session.madeline")
  thrown in phar://D:/Develop/Project/BOT/CLIPHPPIC/madeline-12bb67bc0618338b71ff507bd50a6b948d48e98e-80.phar/vendor/phabel-transpiler80.amphp/file/src/Driver/BlockingDriver.php on line 47
